INFO:sim:172 - Generating IP...
Resolving generics for 'DistMem'...
Applying external generics to 'DistMem'...
Delivering associated files for 'DistMem'...
Delivering EJava files for 'DistMem'...
Generating implementation netlist for 'DistMem'...
INFO:sim - Pre-processing HDL files for 'DistMem'...
Running synthesis for 'DistMem'
Running ngcbuild...
Writing VEO instantiation template for 'DistMem'...
Writing Verilog behavioral simulation model for 'DistMem'...
Generating ASY schematic symbol...
INFO:sim:949 - Finished generation of ASY schematic symbol.
Generating SYM schematic symbol for 'DistMem'...
Generating metadata file...
Generating ISE project...
XCO file found: DistMem.xco
XMDF file found: DistMem_xmdf.tcl
Adding
C:/Users/tomlingb/1920b-csse232-Blue/implementation/ioBlockPart/ipcore_dir/tmp/_
cg/DistMem.asy -view all -origin_type imported
Adding
C:/Users/tomlingb/1920b-csse232-Blue/implementation/ioBlockPart/ipcore_dir/tmp/_
cg/DistMem.ngc -view all -origin_type created
Checking file
"C:/Users/tomlingb/1920b-csse232-Blue/implementation/ioBlockPart/ipcore_dir/tmp/
_cg/DistMem.ngc" for project device match ...
File
"C:/Users/tomlingb/1920b-csse232-Blue/implementation/ioBlockPart/ipcore_dir/tmp/
_cg/DistMem.ngc" device information matches project device.
Adding
C:/Users/tomlingb/1920b-csse232-Blue/implementation/ioBlockPart/ipcore_dir/tmp/_
cg/DistMem.sym -view all -origin_type imported
Adding
C:/Users/tomlingb/1920b-csse232-Blue/implementation/ioBlockPart/ipcore_dir/tmp/_
cg/DistMem.v -view all -origin_type created
INFO:HDLCompiler:1845 - Analyzing Verilog file
   "C:/Users/tomlingb/1920b-csse232-Blue/implementation/ioBlockPart/ipcore_dir/t
   mp/_cg/DistMem.v" into library work
INFO:ProjectMgmt - Parsing design hierarchy completed successfully.
Adding
C:/Users/tomlingb/1920b-csse232-Blue/implementation/ioBlockPart/ipcore_dir/tmp/_
cg/DistMem.veo -view all -origin_type imported
Adding
C:/Users/tomlingb/1920b-csse232-Blue/implementation/ioBlockPart/ipcore_dir/tmp/_
cg/dist_mem_gen_v6_3_readme.txt -view all -origin_type imported
INFO:TclTasksC:2116 - The automatic calculation of top has been turned-off.
   Please set the new top explicitly by running the "project set top" command.
   To re-calculate the new top automatically, set the "Auto Implementation Top"
   property to true.
Top level has been set to "/DistMem"
Generating README file...
Generating FLIST file...
INFO:sim:948 - Finished FLIST file generation.
Launching README viewer...
Moving files to output directory...
Finished moving files to output directory
Wrote CGP file for project 'DistMem'.
